SonarQube plugins:
  - SonarPython 1.14.1.3143 (python)
  - SonarCSS 1.1.1.1010 (cssfamily)
  - GitHub Authentication for SonarQube 1.5.0.870 (authgithub)
  - JaCoCo 1.0.2.475 (jacoco)
  - SonarGo 1.1.1.2000 (go)
  - SonarKotlin 1.5.0.315 (kotlin)
  - Svn 1.9.0.1295 (scmsvn)
  - SonarJS 5.2.1.7778 (javascript)
  - SonarRuby 1.5.0.315 (ruby)
  - SonarScala 1.5.0.315 (sonarscala)
  - SonarC# 7.15.0.8572 (csharp)
  - SonarJava 5.13.1.18282 (java)
  - LDAP 2.2.0.608 (ldap)
  - SonarHTML 3.1.0.1615 (web)
  - Git 1.8.0.1574 (scmgit)
  - SonarFlex 2.5.1.1831 (flex)
  - SonarXML 2.0.1.2020 (xml)
  - SAML 2.0 Authentication for SonarQube 1.1.0.181 (authsaml)
  - SonarPHP 3.2.0.4868 (php)
  - GitLab 4.0.0 (gitlab)
  - SonarTS 1.9.0.3766 (typescript)
  - SonarVB 7.15.0.8572 (vbnet)
Global server settings:
  - sonar.core.id=BF41A1F2-AW0BLYgRI6fgA-Gc-lJQ
  - sonar.core.startTime=2019-12-04T04:06:00+0000
  - sonar.gitlab.url=http:localhost:9090
  - sonar.gitlab.user_token=pQVV4wvs2SdHxZtkLktP
Project server settings:
Project scanner properties:
  - sonar.exclusions=**/*_test.go,**/vendor/**
  - sonar.go.coverage.reportPaths=coverage.out
  - sonar.go.tests.reportPaths=test-report.out
  - sonar.host.url=http://localhost:9000
  - sonar.login=******
  - sonar.projectBaseDir=/home/sachin/go/src/Sampleproject/recover
  - sonar.projectKey=sampleProject
  - sonar.projectName=sampleProject
  - sonar.scanner.app=ScannerCli
  - sonar.scanner.appVersion=3.2.0.1227
  - sonar.sourceEncoding=UTF-8
  - sonar.sources=.
  - sonar.test.exclusions=**/vendor/**
  - sonar.test.inclusions=**/*_test.go
  - sonar.tests=.
  - sonar.verbose=true
  - sonar.working.directory=/home/sachin/go/src/Sampleproject/recover/.scannerwork
